[11:30:03.370] [INFO] Storybook Upgrade - v9.1.16
[11:30:03.389] [INFO] detect-projects-spinner-start: Detecting projects...
[11:30:03.394] [DEBUG] Finding Storybook projects...
[11:30:03.445] [DEBUG] Found 1 Storybook projects
[11:30:03.446] [INFO] detect-projects-spinner: Detecting projects: 1 projects
[11:30:03.446] [DEBUG] Getting Storybook data...
[11:30:03.446] [DEBUG] Getting Storybook info...
[11:30:03.447] [DEBUG] Loading main config...
[11:30:03.607] [DEBUG] Getting stories paths...
[11:30:03.629] [DEBUG] Getting package manager...
[11:30:04.643] [DEBUG] Getting Storybook version...
[11:30:04.644] [DEBUG] /.storybook - Validating before version... 9.1.16
[11:30:04.644] [DEBUG] /.storybook - Validating upgrade compatibility...
[11:30:04.644] [DEBUG] /.storybook - Fetching NPM version information...
[11:30:04.644] [DEBUG] Getting CLI versions from NPM for storybook...
[11:30:04.647] [DEBUG] Getting CLI versions from NPM for storybook@next...
[11:30:05.649] [DEBUG] /.storybook - Evaluating blockers...
[11:30:05.652] [DEBUG] Getting installed version for @storybook/experimental-addon-test...
[11:30:06.630] [DEBUG] An issue occurred while trying to find dependencies metadata using npm.
[11:30:06.630] [INFO] detect-projects-spinner-stop: 1 project detected
[11:30:06.631] [DEBUG] Found 1 valid projects and 0 error projects
[11:30:06.631] [INFO] Upgrading from 9.1.16 to 9.1.16
[11:30:06.648] [INFO] upgrade-dependencies-task-start: Fetching versions to update package.json files..
[11:30:06.648] [DEBUG] Updating dependencies in /.storybook...
[11:30:06.661] [INFO] upgrade-dependencies-task: /package.json
[11:30:06.663] [DEBUG] {
  "upgradedDependencies": []
}
[11:30:06.663] [DEBUG] {
  "upgradedDevDependencies": [
    "@storybook/addon-a11y@9.1.16",
    "@storybook/addon-links@9.1.16",
    "@storybook/nextjs@9.1.16",
    "@storybook/react@9.1.16",
    "storybook@9.1.16"
  ]
}
[11:30:06.663] [DEBUG] {
  "upgradedPeerDependencies": []
}
[11:30:06.664] [DEBUG] Getting CLI versions from NPM for @storybook/addon-a11y...
[11:30:07.456] [DEBUG] Getting CLI versions from NPM for @storybook/addon-links...
[11:30:08.254] [DEBUG] Getting CLI versions from NPM for @storybook/nextjs...
[11:30:09.801] [DEBUG] Getting CLI versions from NPM for @storybook/react...
[11:30:10.593] [DEBUG] Using cached version for storybook...
[11:30:10.594] [INFO] upgrade-dependencies-task-success: Updated package versions in package.json files
[11:30:10.594] [INFO] detect-automigrations-task-start: Detecting automigrations...
[11:30:10.594] [DEBUG] Starting automigration collection across 1 projects and 16 fixes...
[11:30:10.608] [INFO] detect-automigrations-task: Checking automigrations for /.storybook...
[11:30:10.609] [DEBUG] Processing project: /.storybook
[11:30:10.609] [DEBUG] Checking fix eslintPlugin for project /.storybook...
[11:30:10.615] [DEBUG] Checking fix addon-mdx-gfm-remove for project /.storybook...
[11:30:10.616] [DEBUG] Checking fix addon-storysource-code-panel for project /.storybook...
[11:30:10.616] [DEBUG] Checking fix upgrade-storybook-related-dependencies for project /.storybook...
[11:30:10.616] [DEBUG] Checking for incompatible storybook packages...
[11:30:10.617] [DEBUG] Getting installed version for @storybook/addon-console...
[11:30:10.618] [DEBUG] Getting installed version for @storybook/addon-essentials...
[11:30:10.619] [DEBUG] Getting installed version for @storybook/addon-interactions...
[11:30:10.620] [DEBUG] Getting installed version for @storybook/blocks...
[11:30:10.621] [DEBUG] Getting installed version for @storybook/jest...
[11:30:10.623] [DEBUG] Getting installed version for @storybook/preview-api...
[11:30:10.625] [DEBUG] Getting installed version for @storybook/testing-library...
[11:30:10.630] [DEBUG] Getting installed version for storybook-dark-mode...
[11:30:13.388] [DEBUG] An issue occurred while trying to find dependencies metadata using npm.
[11:30:13.388] [DEBUG] Getting CLI versions from NPM for @storybook/addon-console...
[11:30:13.501] [DEBUG] An issue occurred while trying to find dependencies metadata using npm.
[11:30:13.501] [DEBUG] Getting CLI versions from NPM for storybook-dark-mode...
[11:30:13.503] [DEBUG] An issue occurred while trying to find dependencies metadata using npm.
[11:30:13.503] [DEBUG] Getting CLI versions from NPM for @storybook/preview-api...
[11:30:13.506] [DEBUG] An issue occurred while trying to find dependencies metadata using npm.
[11:30:13.506] [DEBUG] Getting CLI versions from NPM for @storybook/addon-interactions...
[11:30:13.512] [DEBUG] An issue occurred while trying to find dependencies metadata using npm.
[11:30:13.512] [DEBUG] Getting CLI versions from NPM for @storybook/blocks...
[11:30:13.524] [DEBUG] An issue occurred while trying to find dependencies metadata using npm.
[11:30:13.524] [DEBUG] Getting CLI versions from NPM for @storybook/jest...
[11:30:13.540] [DEBUG] An issue occurred while trying to find dependencies metadata using npm.
[11:30:13.540] [DEBUG] Getting CLI versions from NPM for @storybook/addon-essentials...
[11:30:13.562] [DEBUG] An issue occurred while trying to find dependencies metadata using npm.
[11:30:13.562] [DEBUG] Getting CLI versions from NPM for @storybook/testing-library...
[11:30:15.914] [DEBUG] Checking fix initial-globals for project /.storybook...
[11:30:15.941] [DEBUG] Checking fix addon-globals-api for project /.storybook...
[11:30:15.946] [DEBUG] Checking fix addon-a11y-addon-test for project /.storybook...
[11:30:15.947] [DEBUG] Checking fix consolidated-imports for project /.storybook...
[11:30:15.949] [DEBUG] Checking fix addon-experimental-test for project /.storybook...
[11:30:15.949] [DEBUG] Using cached installed version for @storybook/experimental-addon-test...
[11:30:15.949] [DEBUG] Checking fix rnstorybook-config for project /.storybook...
[11:30:15.949] [DEBUG] Checking fix remove-addon-interactions for project /.storybook...
[11:30:15.949] [DEBUG] Checking fix renderer-to-framework for project /.storybook...
[11:30:15.950] [DEBUG] Checking fix remove-essential-addons for project /.storybook...
[11:30:15.950] [DEBUG] Checking fix addon-a11y-parameters for project /.storybook...
[11:30:15.953] [DEBUG] Checking fix remove-docs-autodocs for project /.storybook...
[11:30:15.956] [DEBUG] Checking fix wrap-require for project /.storybook...
[11:30:15.975] [INFO] detect-automigrations-task: 
Automigrations detected:
[11:30:15.990] [INFO] detect-automigrations-task: ✔ consolidated-imports
[11:30:16.005] [INFO] detect-automigrations-task: ✔ remove-addon-interactions
[11:30:16.020] [INFO] detect-automigrations-task: ✔ renderer-to-framework
[11:30:16.036] [INFO] detect-automigrations-task: ✔ remove-essential-addons
[11:30:16.052] [INFO] detect-automigrations-task: ✔ remove-docs-autodocs
[11:30:16.052] [INFO] detect-automigrations-task-success: 5 automigration(s) detected
[11:30:28.716] [PROMPT] Select automigrations to run {"choice":["consolidated-imports","remove-addon-interactions","renderer-to-framework","remove-essential-addons","remove-docs-autodocs"]}
[11:30:28.717] [INFO] automigrate-/.storybook-task-start: Running automigrations for /.storybook
[11:30:28.741] [INFO] automigrate-/.storybook-task: ✔ consolidated-imports
[11:30:28.745] [DEBUG] Uninstalling @storybook/addon-interactions
[11:30:28.746] [DEBUG] Removing '@storybook/addon-interactions' from main.js addons field.
[11:30:28.774] [INFO] automigrate-/.storybook-task: ✔ remove-addon-interactions
[11:30:28.775] [DEBUG] 
Migrating @storybook/react to @storybook/nextjs
[11:30:28.780] [DEBUG] Updating package.json files...
[11:30:28.799] [INFO] automigrate-/.storybook-task: ✔ renderer-to-framework
[11:30:28.805] [DEBUG] Uninstalling @storybook/addon-essentials
[11:30:28.805] [DEBUG] Removing '@storybook/addon-essentials' from main.js addons field.
[11:30:28.812] [DEBUG] Getting Storybook info...
[11:30:28.812] [DEBUG] Loading main config...
[11:30:28.827] [DEBUG] Getting stories paths...
[11:30:28.828] [DEBUG] Getting package manager...
[11:30:28.839] [DEBUG] Getting Storybook version...
[11:30:28.863] [INFO] automigrate-/.storybook-task: Verifying @storybook/addon-docs
[11:30:28.886] [INFO] automigrate-/.storybook-task: Installing @storybook/addon-docs@9.1.16
[11:30:28.886] [DEBUG] Getting CLI versions from NPM for @storybook/addon-docs...
[11:30:29.849] [INFO] automigrate-/.storybook-task: Adding '@storybook/addon-docs' to the "addons" field in
/Users/asato/Documents/GitHub/tenkiru/.storybook/main.ts
[11:30:29.878] [INFO] automigrate-/.storybook-task: ✔ remove-essential-addons
[11:30:29.893] [INFO] automigrate-/.storybook-task: 🔄 Updating docs parameter in main config file...
[11:30:29.913] [INFO] automigrate-/.storybook-task: 🔄 Updating tags parameter in preview config file...
[11:30:29.940] [INFO] automigrate-/.storybook-task: ✔ remove-docs-autodocs
[11:30:29.940] [INFO] automigrate-/.storybook-task-success: Completed automigrations for /.storybook
[11:30:29.940] [INFO] Installing dependencies...
[11:30:29.940] [INFO] install-dependencies-task-start: Installing dependencies...
[11:34:12.934] [INFO] added 1285 packages, and audited 1286 packages in 4m
[11:34:12.958] [INFO] install-dependencies-task: added 1285 packages, and audited 1286 packages in 4m
[11:34:12.959] [INFO] 208 packages are looking for funding
  run `npm fund` for details

found 0 vulnerabilities
[11:34:12.977] [INFO] install-dependencies-task: 208 packages are looking for funding
run `npm fund` for details

found 0 vulnerabilities
[11:34:13.012] [INFO] Dependencies installed
[11:34:13.012] [INFO] install-dependencies-task-success: Dependencies installed
[11:34:13.015] [INFO] Checking the health of your project(s)..
[11:34:15.755] [WARN] /.storybook: 1 issue found
[11:34:15.775] [INFO] You are currently using Storybook 9.1.16 but you have packages which are incompatible with it:

- storybook-dark-mode@4.0.2 which depends on ^8.0.0

Please consider updating your packages or contacting the maintainers for compatibility details.

For more on Storybook 9 compatibility, see the linked GitHub issue:
https://github.com/storybookjs/storybook/issues/30944
[11:34:15.775] [INFO] Incompatible Packages
[11:34:15.801] [INFO] You are currently using Storybook 9.1.16 but you have packages which are incompatible with it:

- storybook-dark-mode@4.0.2 which depends on ^8.0.0

Please consider updating your packages or contacting the maintainers for compatibility details.

For more on Storybook 9 compatibility, see the linked GitHub issue:
https://github.com/storybookjs/storybook/issues/30944
[11:34:15.821] [INFO] Storybook doctor is complete!
[11:34:15.846] [INFO] You can always recheck the health of your project(s) by running:
npx storybook doctor
[11:34:15.867] [INFO] The upgrade is complete!
[11:34:15.881] [INFO] Your project(s) have been upgraded successfully, but some issues were found which need your attention, please check Storybook doctor logs above.
[11:34:16.003] [INFO] If you want to learn more about the automigrations that executed in your project(s), please check the following links:

• consolidated-imports
• remove-addon-interactions
• renderer-to-framework
• remove-essential-addons
• remove-docs-autodocs
[11:34:16.020] [INFO] For a full list of changes, please check our migration guide: https://storybook.js.org/docs/migration-guide?ref=upgrade
[11:34:16.037] [INFO] Attention: Storybook now collects completely anonymous telemetry regarding usage. This information is used to shape Storybook's roadmap and prioritize features.
[11:34:16.060] [INFO] You can learn more, including how to opt-out if you'd not like to participate in this anonymous program, by visiting the following URL:
[11:34:16.075] [INFO] https://storybook.js.org/telemetry
[11:34:16.092] [INFO] 